NN2021-11-14

Train start at 2021-11-14 00:11:40.

Describe: 經典MINST，沒做任何數據前處理，只有將顏色值範圍壓縮至0~1之間.
====================

Epoch 0 is finished.
loss: 0.2403986155986786
accuracy: 0.9290666580200195
val_loss: 0.11359278857707977
val_accuracy: 0.9649999737739563
====================

Epoch 1 is finished.
loss: 0.1004411056637764
accuracy: 0.9698666930198669
val_loss: 0.10657917708158493
val_accuracy: 0.9670000076293945
====================

Epoch 2 is finished.
loss: 0.07074723392724991
accuracy: 0.9780166745185852
val_loss: 0.07440126687288284
val_accuracy: 0.9753999710083008
====================

Epoch 3 is finished.
loss: 0.051710400730371475
accuracy: 0.9838333129882812
val_loss: 0.08200669288635254
val_accuracy: 0.9753000140190125
====================

Epoch 4 is finished.
loss: 0.04199519008398056
accuracy: 0.9866833090782166
val_loss: 0.09744010865688324
val_accuracy: 0.9718999862670898
====================

Epoch 5 is finished.
loss: 0.03515321761369705
accuracy: 0.9885333180427551
val_loss: 0.08067604154348373
val_accuracy: 0.9757999777793884
====================

Epoch 6 is finished.
loss: 0.028044696897268295
accuracy: 0.9907333254814148
val_loss: 0.07231366634368896
val_accuracy: 0.9796000123023987
====================

Epoch 7 is finished.
loss: 0.024049576371908188
accuracy: 0.9920499920845032
val_loss: 0.08090383559465408
val_accuracy: 0.977400004863739
====================

Epoch 8 is finished.
loss: 0.0204702690243721
accuracy: 0.9930333495140076
val_loss: 0.08253467828035355
val_accuracy: 0.9793000221252441
====================

Epoch 9 is finished.
loss: 0.01837308332324028
accuracy: 0.9936500191688538
val_loss: 0.08533383905887604
val_accuracy: 0.9801999926567078
====================

Epoch 10 is finished.
loss: 0.01551435049623251
accuracy: 0.9946500062942505
val_loss: 0.09250397980213165
val_accuracy: 0.9783999919891357
====================

Epoch 11 is finished.
loss: 0.016118645668029785
accuracy: 0.9942166805267334
val_loss: 0.1150764524936676
val_accuracy: 0.9746999740600586
====================

Epoch 12 is finished.
loss: 0.012033767066895962
accuracy: 0.9959166646003723
val_loss: 0.09899329394102097
val_accuracy: 0.9785000085830688
====================

Epoch 13 is finished.
loss: 0.015020428225398064
accuracy: 0.9950833320617676
val_loss: 0.09980475157499313
val_accuracy: 0.9793999791145325
====================

Epoch 14 is finished.
loss: 0.011818141676485538
accuracy: 0.9959999918937683
val_loss: 0.10441497713327408
val_accuracy: 0.9786999821662903
====================

Epoch 15 is finished.
loss: 0.012175473384559155
accuracy: 0.9959666728973389
val_loss: 0.11595267057418823
val_accuracy: 0.9764999747276306
====================

Epoch 16 is finished.
loss: 0.01050257682800293
accuracy: 0.996483325958252
val_loss: 0.1115511804819107
val_accuracy: 0.9782999753952026
====================

Epoch 17 is finished.
loss: 0.00958696287125349
accuracy: 0.9970333576202393
val_loss: 0.0959964469075203
val_accuracy: 0.9803000092506409
====================

Epoch 18 is finished.
loss: 0.011374879628419876
accuracy: 0.9963499903678894
val_loss: 0.10550444573163986
val_accuracy: 0.9801999926567078
====================

Epoch 19 is finished.
loss: 0.008694651536643505
accuracy: 0.9971666932106018
val_loss: 0.12466321885585785
val_accuracy: 0.9760000109672546
====================

Epoch 20 is finished.
loss: 0.00866099912673235
accuracy: 0.9971666932106018
val_loss: 0.1009940579533577
val_accuracy: 0.9803000092506409
====================

Epoch 21 is finished.
loss: 0.008646371774375439
accuracy: 0.9971500039100647
val_loss: 0.12538094818592072
val_accuracy: 0.9781000018119812
====================

Epoch 22 is finished.
loss: 0.008312762714922428
accuracy: 0.9971833229064941
val_loss: 0.12825952470302582
val_accuracy: 0.9768000245094299
====================

Epoch 23 is finished.
loss: 0.006109231151640415
accuracy: 0.9980833530426025
val_loss: 0.14204910397529602
val_accuracy: 0.9785000085830688
====================

Epoch 24 is finished.
loss: 0.010377499274909496
accuracy: 0.996749997138977
val_loss: 0.13670215010643005
val_accuracy: 0.9782999753952026
====================

Epoch 25 is finished.
loss: 0.007684292271733284
accuracy: 0.9972666501998901
val_loss: 0.1270749568939209
val_accuracy: 0.9800999760627747
====================

Epoch 26 is finished.
loss: 0.006916380021721125
accuracy: 0.9977666735649109
val_loss: 0.13291090726852417
val_accuracy: 0.9807000160217285
====================

Epoch 27 is finished.
loss: 0.008490214124321938
accuracy: 0.9974833130836487
val_loss: 0.13115984201431274
val_accuracy: 0.9812999963760376
====================

Epoch 28 is finished.
loss: 0.008271526545286179
accuracy: 0.9975000023841858
val_loss: 0.13857713341712952
val_accuracy: 0.9799000024795532
====================

Epoch 29 is finished.
loss: 0.007378329057246447
accuracy: 0.9977499842643738
val_loss: 0.12458449602127075
val_accuracy: 0.9810000061988831
====================

Epoch 30 is finished.
loss: 0.007371683605015278
accuracy: 0.9979000091552734
val_loss: 0.1269071400165558
val_accuracy: 0.9799000024795532
====================

Epoch 31 is finished.
loss: 0.006169089116156101
accuracy: 0.9980666637420654
val_loss: 0.15287892520427704
val_accuracy: 0.9787999987602234
====================

Epoch 32 is finished.
loss: 0.009437738917768002
accuracy: 0.9974499940872192
val_loss: 0.14703723788261414
val_accuracy: 0.9776999950408936
====================

Epoch 33 is finished.
loss: 0.005639923270791769
accuracy: 0.998283326625824
val_loss: 0.14946521818637848
val_accuracy: 0.9781000018119812
====================

Epoch 34 is finished.
loss: 0.008121547289192677
accuracy: 0.9975166916847229
val_loss: 0.16986830532550812
val_accuracy: 0.9765999913215637
====================

Epoch 35 is finished.
loss: 0.005986299831420183
accuracy: 0.9982500076293945
val_loss: 0.1421189308166504
val_accuracy: 0.9797000288963318
====================

Epoch 36 is finished.
loss: 0.007713518105447292
accuracy: 0.9975666403770447
val_loss: 0.15312647819519043
val_accuracy: 0.979200005531311
====================

Epoch 37 is finished.
loss: 0.006898980122059584
accuracy: 0.9979666471481323
val_loss: 0.17560096085071564
val_accuracy: 0.9771000146865845
====================

Epoch 38 is finished.
loss: 0.003619149560108781
accuracy: 0.9987833499908447
val_loss: 0.15411798655986786
val_accuracy: 0.9794999957084656
====================

Epoch 39 is finished.
loss: 0.007934102788567543
accuracy: 0.997783362865448
val_loss: 0.15208373963832855
val_accuracy: 0.9794999957084656
====================

Epoch 40 is finished.
loss: 0.006008514203131199
accuracy: 0.9982333183288574
val_loss: 0.16324472427368164
val_accuracy: 0.9796000123023987
====================

Epoch 41 is finished.
loss: 0.005106179974973202
accuracy: 0.9987166523933411
val_loss: 0.15198779106140137
val_accuracy: 0.980400025844574
====================

Epoch 42 is finished.
loss: 0.007176058366894722
accuracy: 0.9981833100318909
val_loss: 0.15690255165100098
val_accuracy: 0.9785000085830688
====================

Epoch 43 is finished.
loss: 0.00701485900208354
accuracy: 0.9979333281517029
val_loss: 0.17050981521606445
val_accuracy: 0.9800000190734863
====================

Epoch 44 is finished.
loss: 0.006083297543227673
accuracy: 0.99836665391922
val_loss: 0.1559702455997467
val_accuracy: 0.9803000092506409
====================

Epoch 45 is finished.
loss: 0.004016944207251072
accuracy: 0.9987333416938782
val_loss: 0.19810514152050018
val_accuracy: 0.9782999753952026
====================

Epoch 46 is finished.
loss: 0.004854713100939989
accuracy: 0.9983999729156494
val_loss: 0.17041397094726562
val_accuracy: 0.98089998960495
====================

Epoch 47 is finished.
loss: 0.006901394110172987
accuracy: 0.9981666803359985
val_loss: 0.17024259269237518
val_accuracy: 0.9799000024795532
====================

Epoch 48 is finished.
loss: 0.00510112289339304
accuracy: 0.9985499978065491
val_loss: 0.17888514697551727
val_accuracy: 0.9801999926567078
====================

Epoch 49 is finished.
loss: 0.005975072737783194
accuracy: 0.9983166456222534
val_loss: 0.16201740503311157
val_accuracy: 0.9797000288963318
====================

loss: 0.005975072737783194
accuracy: 0.9983166456222534
val_loss: 0.16201740503311157
val_accuracy: 0.9797000288963318

Train finish at 2021-11-14 00:14:58.
Use times: 198.45272850990295 sec.