CNN2021-11-14

Train start at 2021-11-14 01:10:17.

Describe: 經典MNIST，沒做任何數據前處理，只有將顏色值範圍壓縮至0~1之間.
====================

Epoch 0 is finished.
loss: 0.2229066640138626
accuracy: 0.9333666563034058
val_loss: 0.10989674180746078
val_accuracy: 0.9641000032424927
====================

Epoch 1 is finished.
loss: 0.08279503136873245
accuracy: 0.9740166664123535
val_loss: 0.07732492685317993
val_accuracy: 0.975600004196167
====================

Epoch 2 is finished.
loss: 0.058325424790382385
accuracy: 0.9818833470344543
val_loss: 0.06363365799188614
val_accuracy: 0.978600025177002
====================

Epoch 3 is finished.
loss: 0.043185457587242126
accuracy: 0.9862499833106995
val_loss: 0.05236522853374481
val_accuracy: 0.9839000105857849
====================

Epoch 4 is finished.
loss: 0.03606317564845085
accuracy: 0.9884333610534668
val_loss: 0.05542045459151268
val_accuracy: 0.9824000000953674
====================

Epoch 5 is finished.
loss: 0.029989290982484818
accuracy: 0.9898999929428101
val_loss: 0.05408988520503044
val_accuracy: 0.9828000068664551
====================

Epoch 6 is finished.
loss: 0.024740830063819885
accuracy: 0.9917166829109192
val_loss: 0.06403957307338715
val_accuracy: 0.9822999835014343
====================

Epoch 7 is finished.
loss: 0.019373971968889236
accuracy: 0.993483304977417
val_loss: 0.057532548904418945
val_accuracy: 0.9837999939918518
====================

Epoch 8 is finished.
loss: 0.01833251677453518
accuracy: 0.9937833547592163
val_loss: 0.058497484773397446
val_accuracy: 0.9836999773979187
====================

Epoch 9 is finished.
loss: 0.016262192279100418
accuracy: 0.9944666624069214
val_loss: 0.061232972890138626
val_accuracy: 0.9829000234603882
====================

Epoch 10 is finished.
loss: 0.013659680262207985
accuracy: 0.9953500032424927
val_loss: 0.05490494892001152
val_accuracy: 0.9857000112533569
====================

Epoch 11 is finished.
loss: 0.012966654263436794
accuracy: 0.9955000281333923
val_loss: 0.06616497784852982
val_accuracy: 0.9853000044822693
====================

Epoch 12 is finished.
loss: 0.011707753874361515
accuracy: 0.995983362197876
val_loss: 0.07545188069343567
val_accuracy: 0.9824000000953674
====================

Epoch 13 is finished.
loss: 0.009093763306736946
accuracy: 0.9970999956130981
val_loss: 0.06095543131232262
val_accuracy: 0.9861999750137329
====================

Epoch 14 is finished.
loss: 0.012434114702045918
accuracy: 0.9961000084877014
val_loss: 0.061101045459508896
val_accuracy: 0.98580002784729
====================

Epoch 15 is finished.
loss: 0.007826000452041626
accuracy: 0.9973166584968567
val_loss: 0.11106057465076447
val_accuracy: 0.9793999791145325
====================

Epoch 16 is finished.
loss: 0.009596130810678005
accuracy: 0.9968666434288025
val_loss: 0.07137985527515411
val_accuracy: 0.9851999878883362
====================

Epoch 17 is finished.
loss: 0.006636327598243952
accuracy: 0.997783362865448
val_loss: 0.07586076855659485
val_accuracy: 0.9848999977111816
====================

Epoch 18 is finished.
loss: 0.01099065039306879
accuracy: 0.9966833591461182
val_loss: 0.06293340772390366
val_accuracy: 0.9861999750137329
====================

Epoch 19 is finished.
loss: 0.006987392902374268
accuracy: 0.9976500272750854
val_loss: 0.06709323078393936
val_accuracy: 0.9865000247955322
====================

Epoch 20 is finished.
loss: 0.00896410457789898
accuracy: 0.9969666600227356
val_loss: 0.09246596693992615
val_accuracy: 0.984000027179718
====================

Epoch 21 is finished.
loss: 0.007381728384643793
accuracy: 0.9977499842643738
val_loss: 0.07694168388843536
val_accuracy: 0.9861000180244446
====================

Epoch 22 is finished.
loss: 0.007087295409291983
accuracy: 0.997866690158844
val_loss: 0.07807887345552444
val_accuracy: 0.9861000180244446
====================

Epoch 23 is finished.
loss: 0.006400161422789097
accuracy: 0.997866690158844
val_loss: 0.08934903144836426
val_accuracy: 0.9839000105857849
====================

Epoch 24 is finished.
loss: 0.009077498689293861
accuracy: 0.9973166584968567
val_loss: 0.08405770361423492
val_accuracy: 0.9853000044822693
====================

Epoch 25 is finished.
loss: 0.004415517672896385
accuracy: 0.9986333250999451
val_loss: 0.09127897024154663
val_accuracy: 0.983299970626831
====================

Epoch 26 is finished.
loss: 0.007453181780874729
accuracy: 0.9979333281517029
val_loss: 0.08503436297178268
val_accuracy: 0.9851999878883362
====================

Epoch 27 is finished.
loss: 0.006389214191585779
accuracy: 0.9979833364486694
val_loss: 0.10564151406288147
val_accuracy: 0.984499990940094
====================

Epoch 28 is finished.
loss: 0.006959089543670416
accuracy: 0.9977333545684814
val_loss: 0.09000943601131439
val_accuracy: 0.9839000105857849
====================

Epoch 29 is finished.
loss: 0.006172564346343279
accuracy: 0.9981666803359985
val_loss: 0.09610863775014877
val_accuracy: 0.9855999946594238
====================

Epoch 30 is finished.
loss: 0.005573428701609373
accuracy: 0.9983500242233276
val_loss: 0.09974565356969833
val_accuracy: 0.984499990940094
====================

Epoch 31 is finished.
loss: 0.006299783941358328
accuracy: 0.9980833530426025
val_loss: 0.11068320274353027
val_accuracy: 0.9839000105857849
====================

Epoch 32 is finished.
loss: 0.005893968511372805
accuracy: 0.9982666373252869
val_loss: 0.10311384499073029
val_accuracy: 0.9839000105857849
====================

Epoch 33 is finished.
loss: 0.004758276976644993
accuracy: 0.9987499713897705
val_loss: 0.10096117854118347
val_accuracy: 0.9857000112533569
====================

Epoch 34 is finished.
loss: 0.005253830924630165
accuracy: 0.9984166622161865
val_loss: 0.1265571266412735
val_accuracy: 0.9836999773979187
====================

Epoch 35 is finished.
loss: 0.005736153107136488
accuracy: 0.998533308506012
val_loss: 0.10915038734674454
val_accuracy: 0.984499990940094
====================

Epoch 36 is finished.
loss: 0.004136076662689447
accuracy: 0.9988166689872742
val_loss: 0.10221065580844879
val_accuracy: 0.9846000075340271
====================

Epoch 37 is finished.
loss: 0.005784477107226849
accuracy: 0.9983000159263611
val_loss: 0.10881216824054718
val_accuracy: 0.9842000007629395
====================

Epoch 38 is finished.
loss: 0.005921519827097654
accuracy: 0.9986166954040527
val_loss: 0.12016493082046509
val_accuracy: 0.9836999773979187
====================

Epoch 39 is finished.
loss: 0.006405857391655445
accuracy: 0.9980666637420654
val_loss: 0.11778339743614197
val_accuracy: 0.9833999872207642
====================

Epoch 40 is finished.
loss: 0.004062440246343613
accuracy: 0.9987999796867371
val_loss: 0.10824361443519592
val_accuracy: 0.9850999712944031
====================

Epoch 41 is finished.
loss: 0.005153733305633068
accuracy: 0.9987499713897705
val_loss: 0.11189620196819305
val_accuracy: 0.9854000210762024
====================

Epoch 42 is finished.
loss: 0.006162692327052355
accuracy: 0.998199999332428
val_loss: 0.1088956817984581
val_accuracy: 0.9861999750137329
====================

Epoch 43 is finished.
loss: 0.0038025432731956244
accuracy: 0.9990000128746033
val_loss: 0.12983720004558563
val_accuracy: 0.9835000038146973
====================

Epoch 44 is finished.
loss: 0.005273701157420874
accuracy: 0.9986166954040527
val_loss: 0.11447744071483612
val_accuracy: 0.9850000143051147
====================

Epoch 45 is finished.
loss: 0.0032734537962824106
accuracy: 0.9991499781608582
val_loss: 0.14875832200050354
val_accuracy: 0.9828000068664551
====================

Epoch 46 is finished.
loss: 0.008515289053320885
accuracy: 0.9979333281517029
val_loss: 0.1101435199379921
val_accuracy: 0.9857000112533569
====================

Epoch 47 is finished.
loss: 0.0032525123097002506
accuracy: 0.9989833235740662
val_loss: 0.10211581736803055
val_accuracy: 0.9861999750137329
====================

Epoch 48 is finished.
loss: 0.004352935124188662
accuracy: 0.9987166523933411
val_loss: 0.11231529712677002
val_accuracy: 0.9861000180244446
====================

Epoch 49 is finished.
loss: 0.00461800629273057
accuracy: 0.9988666772842407
val_loss: 0.13623212277889252
val_accuracy: 0.9854000210762024
====================

loss: 0.00461800629273057
accuracy: 0.9988666772842407
val_loss: 0.13623212277889252
val_accuracy: 0.9854000210762024

Train finish at 2021-11-14 01:14:48.
Use times: 270.69437527656555 sec.